# JRE version: Java(TM) SE Runtime Environment (8.0_241-b07) (build 1.8.0_241-b07)
# Java VM: Java HotSpot(TM) 64-Bit Server VM (25.241-b07 mixed mode windows-amd64 compressed oops)
Heap:
 PSYoungGen      total 130560K, used 28285K [0x0000000780f00000, 0x000000078af00000, 0x00000007c0000000)
  eden space 98304K, 19% used [0x0000000780f00000,0x00000007821c7730,0x0000000786f00000)
  from space 32256K, 28% used [0x0000000788f80000,0x0000000789858020,0x000000078af00000)
  to   space 32768K, 0% used [0x0000000786f00000,0x0000000786f00000,0x0000000788f00000)
 ParOldGen       total 130048K, used 44997K [0x0000000702c00000, 0x000000070ab00000, 0x0000000780f00000)
  object space 130048K, 34% used [0x0000000702c00000,0x00000007057f1518,0x000000070ab00000)
 Metaspace       used 20337K, capacity 20726K, committed 20864K, reserved 1067008K
  class space    used 2422K, capacity 2581K, committed 2688K, reserved 1048576K
GC Heap History (10 events):
Event: 4.312 GC heap before
{Heap before GC invocations=2 (full 0):
 PSYoungGen      total 56832K, used 56473K [0x0000000780f00000, 0x0000000784e00000, 0x00000007c0000000)
  eden space 49152K, 100% used [0x0000000780f00000,0x0000000783f00000,0x0000000783f00000)
  from space 7680K, 95% used [0x0000000783f00000,0x00000007846266b8,0x0000000784680000)
  to   space 7680K, 0% used [0x0000000784680000,0x0000000784680000,0x0000000784e00000)
 ParOldGen       total 130048K, used 16K [0x0000000702c00000, 0x000000070ab00000, 0x0000000780f00000)
  object space 130048K, 0% used [0x0000000702c00000,0x0000000702c04000,0x000000070ab00000)
 Metaspace       used 14728K, capacity 14940K, committed 15232K, reserved 1062912K
  class space    used 1796K, capacity 1874K, committed 1920K, reserved 1048576K
Event: 4.332 GC heap after
Heap after GC invocations=2 (full 0):
 PSYoungGen      total 56832K, used 7667K [0x0000000780f00000, 0x0000000784e00000, 0x00000007c0000000)
  eden space 49152K, 0% used [0x0000000780f00000,0x0000000780f00000,0x0000000783f00000)
  from space 7680K, 99% used [0x0000000784680000,0x0000000784dfcd70,0x0000000784e00000)
  to   space 7680K, 0% used [0x0000000783f00000,0x0000000783f00000,0x0000000784680000)
 ParOldGen       total 130048K, used 2112K [0x0000000702c00000, 0x000000070ab00000, 0x0000000780f00000)
  object space 130048K, 1% used [0x0000000702c00000,0x0000000702e10230,0x000000070ab00000)
 Metaspace       used 14728K, capacity 14940K, committed 15232K, reserved 1062912K
  class space    used 1796K, capacity 1874K, committed 1920K, reserved 1048576K
}
Event: 5.996 GC heap before
{Heap before GC invocations=3 (full 0):
 PSYoungGen      total 56832K, used 56819K [0x0000000780f00000, 0x0000000784e00000, 0x00000007c0000000)
  eden space 49152K, 100% used [0x0000000780f00000,0x0000000783f00000,0x0000000783f00000)
  from space 7680K, 99% used [0x0000000784680000,0x0000000784dfcd70,0x0000000784e00000)
  to   space 7680K, 0% used [0x0000000783f00000,0x0000000783f00000,0x0000000784680000)
 ParOldGen       total 130048K, used 2112K [0x0000000702c00000, 0x000000070ab00000, 0x0000000780f00000)
  object space 130048K, 1% used [0x0000000702c00000,0x0000000702e10230,0x000000070ab00000)
 Metaspace       used 15546K, capacity 15802K, committed 16128K, reserved 1062912K
  class space    used 1850K, capacity 1943K, committed 2048K, reserved 1048576K
Event: 6.016 GC heap after
Heap after GC invocations=3 (full 0):
 PSYoungGen      total 56832K, used 7648K [0x0000000780f00000, 0x0000000784e00000, 0x00000007c0000000)
  eden space 49152K, 0% used [0x0000000780f00000,0x0000000780f00000,0x0000000783f00000)
  from space 7680K, 99% used [0x0000000783f00000,0x0000000784678020,0x0000000784680000)
  to   space 7680K, 0% used [0x0000000784680000,0x0000000784680000,0x0000000784e00000)
 ParOldGen       total 130048K, used 4325K [0x0000000702c00000, 0x000000070ab00000, 0x0000000780f00000)
  object space 130048K, 3% used [0x0000000702c00000,0x00000007030395d8,0x000000070ab00000)
 Metaspace       used 15546K, capacity 15802K, committed 16128K, reserved 1062912K
  class space    used 1850K, capacity 1943K, committed 2048K, reserved 1048576K
}
Event: 7.283 GC heap before
{Heap before GC invocations=4 (full 0):
 PSYoungGen      total 56832K, used 53475K [0x0000000780f00000, 0x0000000784e00000, 0x00000007c0000000)
  eden space 49152K, 93% used [0x0000000780f00000,0x0000000783bc0f68,0x0000000783f00000)
  from space 7680K, 99% used [0x0000000783f00000,0x0000000784678020,0x0000000784680000)
  to   space 7680K, 0% used [0x0000000784680000,0x0000000784680000,0x0000000784e00000)
 ParOldGen       total 130048K, used 4325K [0x0000000702c00000, 0x000000070ab00000, 0x0000000780f00000)
  object space 130048K, 3% used [0x0000000702c00000,0x00000007030395d8,0x000000070ab00000)
 Metaspace       used 17013K, capacity 17366K, committed 17536K, reserved 1064960K
  class space    used 1988K, capacity 2117K, committed 2176K, reserved 1048576K
Event: 7.320 GC heap after
Heap after GC invocations=4 (full 0):
 PSYoungGen      total 56832K, used 7648K [0x0000000780f00000, 0x0000000787e00000, 0x00000007c0000000)
  eden space 49152K, 0% used [0x0000000780f00000,0x0000000780f00000,0x0000000783f00000)
  from space 7680K, 99% used [0x0000000784680000,0x0000000784df8020,0x0000000784e00000)
  to   space 7680K, 0% used [0x0000000783f00000,0x0000000783f00000,0x0000000784680000)
 ParOldGen       total 130048K, used 25717K [0x0000000702c00000, 0x000000070ab00000, 0x0000000780f00000)
  object space 130048K, 19% used [0x0000000702c00000,0x000000070451d4f8,0x000000070ab00000)
 Metaspace       used 17013K, capacity 17366K, committed 17536K, reserved 1064960K
  class space    used 1988K, capacity 2117K, committed 2176K, reserved 1048576K
}
Event: 7.334 GC heap before
{Heap before GC invocations=5 (full 0):
 PSYoungGen      total 56832K, used 54639K [0x0000000780f00000, 0x0000000787e00000, 0x00000007c0000000)
  eden space 49152K, 95% used [0x0000000780f00000,0x0000000783ce3d28,0x0000000783f00000)
  from space 7680K, 99% used [0x0000000784680000,0x0000000784df8020,0x0000000784e00000)
  to   space 7680K, 0% used [0x0000000783f00000,0x0000000783f00000,0x0000000784680000)
 ParOldGen       total 130048K, used 25717K [0x0000000702c00000, 0x000000070ab00000, 0x0000000780f00000)
  object space 130048K, 19% used [0x0000000702c00000,0x000000070451d4f8,0x000000070ab00000)
 Metaspace       used 17074K, capacity 17430K, committed 17536K, reserved 1064960K
  class space    used 2000K, capacity 2117K, committed 2176K, reserved 1048576K
Event: 7.367 GC heap after
Heap after GC invocations=5 (full 0):
 PSYoungGen      total 56832K, used 7648K [0x0000000780f00000, 0x000000078b000000, 0x00000007c0000000)
  eden space 49152K, 0% used [0x0000000780f00000,0x0000000780f00000,0x0000000783f00000)
  from space 7680K, 99% used [0x0000000783f00000,0x0000000784678040,0x0000000784680000)
  to   space 33280K, 0% used [0x0000000788f80000,0x0000000788f80000,0x000000078b000000)
 ParOldGen       total 130048K, used 44989K [0x0000000702c00000, 0x000000070ab00000, 0x0000000780f00000)
  object space 130048K, 34% used [0x0000000702c00000,0x00000007057ef518,0x000000070ab00000)
 Metaspace       used 17074K, capacity 17430K, committed 17536K, reserved 1064960K
  class space    used 2000K, capacity 2117K, committed 2176K, reserved 1048576K
}
Event: 8.590 GC heap before
{Heap before GC invocations=6 (full 0):
 PSYoungGen      total 56832K, used 56800K [0x0000000780f00000, 0x000000078b000000, 0x00000007c0000000)
  eden space 49152K, 100% used [0x0000000780f00000,0x0000000783f00000,0x0000000783f00000)
  from space 7680K, 99% used [0x0000000783f00000,0x0000000784678040,0x0000000784680000)
  to   space 33280K, 0% used [0x0000000788f80000,0x0000000788f80000,0x000000078b000000)
 ParOldGen       total 130048K, used 44989K [0x0000000702c00000, 0x000000070ab00000, 0x0000000780f00000)
  object space 130048K, 34% used [0x0000000702c00000,0x00000007057ef518,0x000000070ab00000)
 Metaspace       used 17300K, capacity 17654K, committed 17792K, reserved 1064960K
  class space    used 2009K, capacity 2149K, committed 2176K, reserved 1048576K
Event: 8.606 GC heap after
Heap after GC invocations=6 (full 0):
 PSYoungGen      total 130560K, used 9056K [0x0000000780f00000, 0x000000078af00000, 0x00000007c0000000)
  eden space 98304K, 0% used [0x0000000780f00000,0x0000000780f00000,0x0000000786f00000)
  from space 32256K, 28% used [0x0000000788f80000,0x0000000789858020,0x000000078af00000)
  to   space 32768K, 0% used [0x0000000786f00000,0x0000000786f00000,0x0000000788f00000)
 ParOldGen       total 130048K, used 44997K [0x0000000702c00000, 0x000000070ab00000, 0x0000000780f00000)
  object space 130048K, 34% used [0x0000000702c00000,0x00000007057f1518,0x000000070ab00000)
 Metaspace       used 17300K, capacity 17654K, committed 17792K, reserved 1064960K
  class space    used 2009K, capacity 2149K, committed 2176K, reserved 1048576K
}

